<?xml version="1.0" encoding="UTF-8"?>
<!-- Generated by org.testng.reporters.JUnitReportReporter -->
<testsuite hostname="DESKTOP-63R5SBN" failures="0" tests="3" name="LoginPage.LoginPageTestCases" time="3.580" errors="0" timestamp="2024-02-20T16:49:38 EET" skipped="0">
  <testcase classname="LoginPage.LoginPageTestCases" name="verifyLoginWithValidUsernameAndPassword" time="1.698"/>
  <system-out/>
  <testcase classname="LoginPage.LoginPageTestCases" name="verifyLogout" time="0.618"/>
  <system-out/>
  <testcase classname="LoginPage.LoginPageTestCases" name="verifyTableData" time="1.264"/>
  <system-out/>
</testsuite> <!-- LoginPage.LoginPageTestCases -->
